<?xml version="1.0" encoding="UTF-8"?>
<!-- Generated by org.testng.reporters.JUnitReportReporter -->
<testsuite hostname="DESKTOP-PTALQF0" failures="0" tests="4" name="Methods.Exelwash_Operations" time="211.661" errors="0" timestamp="2023-06-28T12:36:14 IST" skipped="0">
  <testcase classname="Methods.Exelwash_Operations" name="enter_user_SignUp_Details" time="98.300"/>
  <system-out/>
  <testcase classname="Methods.Exelwash_Operations" name="enter_user_Login_Details" time="36.330"/>
  <system-out/>
  <testcase classname="Methods.Exelwash_Operations" name="click_On_Services" time="39.980"/>
  <system-out/>
  <testcase classname="Methods.Exelwash_Operations" name="chacking_Home_Page_Functionality" time="37.051"/>
  <system-out/>
</testsuite> <!-- Methods.Exelwash_Operations -->
